<?xml version="1.0" encoding="UTF-8"?>
<!-- Generated by org.testng.reporters.JUnitXMLReporter -->
<testsuite ignored="0" hostname="DESKTOP-DKVA2FM" failures="0" tests="10" name="Surefire test" time="20.017" errors="0" timestamp="2023-10-24T19:21:41 IST">
  <testcase classname="api.test.DDTests" name="testpostuser" time="3.946"/>
  <testcase classname="api.test.DDTests" name="testpostuser" time="1.347"/>
  <testcase classname="api.test.DDTests" name="testpostuser" time="1.339"/>
  <testcase classname="api.test.DDTests" name="testDeleteUserByName" time="1.315"/>
  <testcase classname="api.test.DDTests" name="testDeleteUserByName" time="1.285"/>
  <testcase classname="api.test.DDTests" name="testDeleteUserByName" time="1.231"/>
  <testcase classname="api.test.UserTests" name="testpostuser" time="1.399"/>
  <testcase classname="api.test.UserTests" name="testGetUserByname" time="1.337"/>
  <testcase classname="api.test.UserTests" name="testupdateuser" time="2.644"/>
  <testcase classname="api.test.UserTests" name="testDeleteuser" time="1.277"/>
</testsuite> <!-- Surefire test -->
