<?xml version="1.0" encoding="UTF-8"?>
<!-- Generated by org.testng.reporters.JUnitXMLReporter -->
<testsuite ignored="0" hostname="DESKTOP-DKVA2FM" failures="0" tests="10" name="Default test" time="20.008" errors="0" timestamp="2023-10-24T19:17:32 IST">
  <testcase classname="api.test.UserTests" name="testpostuser" time="3.898"/>
  <testcase classname="api.test.UserTests" name="testGetUserByname" time="1.361"/>
  <testcase classname="api.test.UserTests" name="testupdateuser" time="2.59"/>
  <testcase classname="api.test.UserTests" name="testDeleteuser" time="1.322"/>
  <testcase classname="api.test.DDTests" name="testpostuser" time="1.3"/>
  <testcase classname="api.test.DDTests" name="testpostuser" time="1.32"/>
  <testcase classname="api.test.DDTests" name="testpostuser" time="1.288"/>
  <testcase classname="api.test.DDTests" name="testDeleteUserByName" time="1.33"/>
  <testcase classname="api.test.DDTests" name="testDeleteUserByName" time="1.328"/>
  <testcase classname="api.test.DDTests" name="testDeleteUserByName" time="1.317"/>
</testsuite> <!-- Default test -->
