<?xml version="1.0" encoding="UTF-8"?>
<!-- Generated by org.testng.reporters.JUnitXMLReporter -->
<testsuite ignored="0" hostname="DESKTOP-DKVA2FM" failures="0" tests="10" name="Default test" time="20.413" errors="0" timestamp="2023-10-24T17:22:15 IST">
  <testcase classname="api.test.UserTests" name="testpostuser" time="4.14"/>
  <testcase classname="api.test.UserTests" name="testGetUserByname" time="1.308"/>
  <testcase classname="api.test.UserTests" name="testupdateuser" time="2.632"/>
  <testcase classname="api.test.UserTests" name="testDeleteuser" time="1.383"/>
  <testcase classname="api.test.DDTests" name="testpostuser" time="1.266"/>
  <testcase classname="api.test.DDTests" name="testpostuser" time="1.34"/>
  <testcase classname="api.test.DDTests" name="testpostuser" time="1.384"/>
  <testcase classname="api.test.DDTests" name="testDeleteUserByName" time="1.332"/>
  <testcase classname="api.test.DDTests" name="testDeleteUserByName" time="1.28"/>
  <testcase classname="api.test.DDTests" name="testDeleteUserByName" time="1.356"/>
</testsuite> <!-- Default test -->
