<?xml version="1.0" encoding="UTF-8"?>
<testsuite xmlns:xsi="http://www.w3.org/2001/XMLSchema-instance" xsi:noNamespaceSchemaLocation="https://maven.apache.org/surefire/maven-surefire-plugin/xsd/surefire-test-report-3.0.xsd" version="3.0" name="TestSuite" time="20.68" tests="10" errors="0" skipped="0" failures="0">
  <properties>
[...]
</properties>
  <testcase name="testpostuser[1010, testuser1, john, camedy, a@gmail.com, test@1, 12345678](1)" classname="api.test.DDTests" time="3.946">
    <system-err><![CDATA[SLF4J: Failed to load class "org.slf4j.impl.StaticLoggerBinder".
SLF4J: Defaulting to no-operation (NOP) logger implementation
SLF4J: See http://www.slf4j.org/codes.html#StaticLoggerBinder for further details.
]]></system-err>
  </testcase>
  <testcase name="testpostuser[1020, testuser2, kim, kom, b@gmail.com, test@2, 12345678](2)" classname="api.test.DDTests" time="1.349"/>
  <testcase name="testpostuser[1030, testuser3, smith, Steve, c@gmail.com, test@3, 12345678](3)" classname="api.test.DDTests" time="1.34"/>
  <testcase name="testDeleteUserByName[testuser1](1)" classname="api.test.DDTests" time="1.316"/>
  <testcase name="testDeleteUserByName[testuser2](2)" classname="api.test.DDTests" time="1.285"/>
  <testcase name="testDeleteUserByName[testuser3](3)" classname="api.test.DDTests" time="1.23"/>
  <testcase name="testpostuser" classname="api.test.UserTests" time="1.413">
    <system-out><![CDATA[HTTP/1.1 200 OK
Date: Tue, 24 Oct 2023 13:51:36 GMT
Content-Type: application/json
Transfer-Encoding: chunked
Connection: keep-alive
Access-Control-Allow-Origin: *
Access-Control-Allow-Methods: GET, POST, DELETE, PUT
Access-Control-Allow-Headers: Content-Type, api_key, Authorization
Server: Jetty(9.2.9.v20150224)

{
    "code": 200,
    "type": "unknown",
    "message": "2044082767"
}
]]></system-out>
  </testcase>
  <testcase name="testGetUserByname" classname="api.test.UserTests" time="1.361">
    <system-out><![CDATA[HTTP/1.1 200 OK
Date: Tue, 24 Oct 2023 13:51:38 GMT
Content-Type: application/json
Transfer-Encoding: chunked
Connection: keep-alive
Access-Control-Allow-Origin: *
Access-Control-Allow-Methods: GET, POST, DELETE, PUT
Access-Control-Allow-Headers: Content-Type, api_key, Authorization
Server: Jetty(9.2.9.v20150224)

{
    "id": 2044082767,
    "username": "homer.hintz",
    "firstName": "Henrietta",
    "lastName": "Davis",
    "email": "melania.hirthe@example.com",
    "password": "cuqsortzn",
    "phone": "(794) 771-0707",
    "userStatus": 0
}
]]></system-out>
  </testcase>
  <testcase name="testupdateuser" classname="api.test.UserTests" time="2.637">
    <system-out><![CDATA[HTTP/1.1 200 OK
Date: Tue, 24 Oct 2023 13:51:39 GMT
Content-Type: application/json
Transfer-Encoding: chunked
Connection: keep-alive
Access-Control-Allow-Origin: *
Access-Control-Allow-Methods: GET, POST, DELETE, PUT
Access-Control-Allow-Headers: Content-Type, api_key, Authorization
Server: Jetty(9.2.9.v20150224)

{
    "code": 200,
    "type": "unknown",
    "message": "2044082767"
}
HTTP/1.1 200 OK
Date: Tue, 24 Oct 2023 13:51:39 GMT
Content-Type: application/json
Transfer-Encoding: chunked
Connection: keep-alive
Access-Control-Allow-Origin: *
Access-Control-Allow-Methods: GET, POST, DELETE, PUT
Access-Control-Allow-Headers: Content-Type, api_key, Authorization
Server: Jetty(9.2.9.v20150224)

{
    "code": 200,
    "type": "unknown",
    "message": "2044082767"
}
]]></system-out>
  </testcase>
  <testcase name="testDeleteuser" classname="api.test.UserTests" time="1.266"/>
</testsuite>