<?xml version="1.0" encoding="UTF-8"?>
<testng-results ignored="0" total="4" passed="4" failed="0" skipped="0">
  <reporter-output>
  </reporter-output>
  <suite started-at="2023-10-24T17:28:11 IST" name="petSuite" finished-at="2023-10-24T17:28:22 IST" duration-ms="11431">
    <groups>
    </groups>
    <test started-at="2023-10-24T17:28:11 IST" name="petTest" finished-at="2023-10-24T17:28:22 IST" duration-ms="11431">
      <class name="api.test.UserTests">
        <test-method is-config="true" signature="setup()[pri:0, instance:api.test.UserTests@799f10e1]" started-at="2023-10-24T17:28:11 IST" name="setup" finished-at="2023-10-24T17:28:12 IST" duration-ms="1041" status="PASS">
          <reporter-output>
          </reporter-output>
        </test-method> <!-- setup -->
        <test-method signature="testpostuser()[pri:1, instance:api.test.UserTests@799f10e1]" started-at="2023-10-24T17:28:12 IST" name="testpostuser" finished-at="2023-10-24T17:28:17 IST" duration-ms="4727" status="PASS">
          <reporter-output>
          </reporter-output>
        </test-method> <!-- testpostuser -->
        <test-method signature="testGetUserByname()[pri:2, instance:api.test.UserTests@799f10e1]" started-at="2023-10-24T17:28:17 IST" name="testGetUserByname" finished-at="2023-10-24T17:28:18 IST" duration-ms="1319" status="PASS">
          <reporter-output>
          </reporter-output>
        </test-method> <!-- testGetUserByname -->
        <test-method signature="testupdateuser()[pri:3, instance:api.test.UserTests@799f10e1]" started-at="2023-10-24T17:28:18 IST" name="testupdateuser" finished-at="2023-10-24T17:28:21 IST" duration-ms="2656" status="PASS">
          <reporter-output>
          </reporter-output>
        </test-method> <!-- testupdateuser -->
        <test-method signature="testDeleteuser()[pri:4, instance:api.test.UserTests@799f10e1]" started-at="2023-10-24T17:28:21 IST" name="testDeleteuser" finished-at="2023-10-24T17:28:22 IST" duration-ms="1271" status="PASS">
          <reporter-output>
          </reporter-output>
        </test-method> <!-- testDeleteuser -->
      </class> <!-- api.test.UserTests -->
    </test> <!-- petTest -->
  </suite> <!-- petSuite -->
</testng-results>
