<?xml version="1.0" encoding="UTF-8"?>
<!-- Generated by org.testng.reporters.JUnitXMLReporter -->
<testsuite ignored="0" hostname="DESKTOP-DKVA2FM" failures="0" tests="4" name="petTest" time="11.431" errors="0" timestamp="2023-10-24T17:28:23 IST">
  <testcase classname="api.test.UserTests" name="testpostuser" time="4.727"/>
  <testcase classname="api.test.UserTests" name="testGetUserByname" time="1.319"/>
  <testcase classname="api.test.UserTests" name="testupdateuser" time="2.656"/>
  <testcase classname="api.test.UserTests" name="testDeleteuser" time="1.271"/>
</testsuite> <!-- petTest -->
